<html>
<head>
<title>TestNG:  /Users/santoshsrinivas/Documents/restassured</title>
<link href="../testng.css" rel="stylesheet" type="text/css" />
<link href="../my-testng.css" rel="stylesheet" type="text/css" />

<style type="text/css">
.log { display: none;} 
.stack-trace { display: none;} 
</style>
<script type="text/javascript">
<!--
function flip(e) {
  current = e.style.display;
  if (current == 'block') {
    e.style.display = 'none';
    return 0;
  }
  else {
    e.style.display = 'block';
    return 1;
  }
}

function toggleBox(szDivId, elem, msg1, msg2)
{
  var res = -1;  if (document.getElementById) {
    res = flip(document.getElementById(szDivId));
  }
  else if (document.all) {
    // this is the way old msie versions work
    res = flip(document.all[szDivId]);
  }
  if(elem) {
    if(res == 0) elem.innerHTML = msg1; else elem.innerHTML = msg2;
  }

}

function toggleAllBoxes() {
  if (document.getElementsByTagName) {
    d = document.getElementsByTagName('div');
    for (i = 0; i < d.length; i++) {
      if (d[i].className == 'log') {
        flip(d[i]);
      }
    }
  }
}

// -->
</script>

</head>
<body>
<h2 align='center'>/Users/santoshsrinivas/Documents/restassured</h2><table border='1' align="center">
<tr>
<td>Tests passed/Failed/Skipped:</td><td>9/1/0</td>
</tr><tr>
<td>Started on:</td><td>Sun May 10 10:50:24 IST 2020</td>
</tr>
<tr><td>Total time:</td><td>11 seconds (11085 ms)</td>
</tr><tr>
<td>Included groups:</td><td></td>
</tr><tr>
<td>Excluded groups:</td><td></td>
</tr>
</table><p/>
<small><i>(Hover the method name to see the test class name)</i></small><p/>
<table width='100%' border='1' class='invocation-failed'>
<tr><td colspan='4' align='center'><b>FAILED TESTS</b></td></tr>
<tr><td><b>Test method</b></td>
<td width="30%"><b>Exception</b></td>
<td width="10%"><b>Time (seconds)</b></td>
<td><b>Instance</b></td>
</tr>
<tr>
<td title='com.restassured.TC001_POST_Request.registrationSuccessfulAPI()'><b>registrationSuccessfulAPI</b><br>Test class: com.restassured.TC001_POST_Request</td>
<td><div><pre>java.lang.AssertionError: expected [OPERATION_SUCCESS] but found [null]
	at org.testng.Assert.fail(Assert.java:97)
	at org.testng.Assert.failNotEquals(Assert.java:969)
	at org.testng.Assert.assertEqualsImpl(Assert.java:131)
	at org.testng.Assert.assertEquals(Assert.java:118)
	at org.testng.Assert.assertEquals(Assert.java:575)
	at org.testng.Assert.assertEquals(Assert.java:585)
	at com.restassured.TC001_POST_Request.registrationSuccessfulAPI(TC001_POST_Request.java:49)
	at sun.reflect.NativeMethodAccessorImpl.invoke0(Native Method)
	at sun.reflect.NativeMethodAccessorImpl.invoke(NativeMethodAccessorImpl.java:62)
	at sun.reflect.DelegatingMethodAccessorImpl.invoke(DelegatingMethodAccessorImpl.java:43)
	at java.lang.reflect.Method.invoke(Method.java:498)
	at org.testng.internal.MethodInvocationHelper.invokeMethod(MethodInvocationHelper.java:134)
	at org.testng.internal.TestInvoker.invokeMethod(TestInvoker.java:597)
	at org.testng.internal.TestInvoker.invokeTestMethod(TestInvoker.java:173)
	at org.testng.internal.MethodRunner.runInSequence(MethodRunner.java:46)
	at org.testng.internal.TestInvoker$MethodInvocationAgent.invoke(TestInvoker.java:816)
	at org.testng.internal.TestInvoker.invokeTestMethods(TestInvoker.java:146)
	at org.testng.internal.TestMethodWorker.invokeTestMethods(TestMethodWorker.java:146)
	at org.testng.internal.TestMethodWorker.run(TestMethodWorker.java:128)
	at java.util.ArrayList.forEach(ArrayList.java:1257)
	at org.testng.TestRunner.privateRun(TestRunner.java:766)
	at org.testng.TestRunner.run(TestRunner.java:587)
	at org.testng.SuiteRunner.runTest(SuiteRunner.java:384)
	at org.testng.SuiteRunner.runSequentially(SuiteRunner.java:378)
	at org.testng.SuiteRunner.privateRun(SuiteRunner.java:337)
	at org.testng.SuiteRunner.run(SuiteRunner.java:286)
	at org.testng.SuiteRunnerWorker.runSuite(SuiteRunnerWorker.java:53)
	at org.testng.SuiteRunnerWorker.run(SuiteRunnerWorker.java:96)
	at org.testng.TestNG.runSuitesSequentially(TestNG.java:1187)
	at org.testng.TestNG.runSuitesLocally(TestNG.java:1109)
	at org.testng.TestNG.runSuites(TestNG.java:1039)
	at org.testng.TestNG.run(TestNG.java:1007)
	at org.testng.IDEARemoteTestNG.run(IDEARemoteTestNG.java:73)
	at org.testng.RemoteTestNGStarter.main(RemoteTestNGStarter.java:123)
</pre></div><a href='#' onClick='toggleBox("stack-trace1816089958", this, "Click to show all stack frames", "Click to hide stack frames")'>Click to show all stack frames</a>
<div class='stack-trace' id='stack-trace1816089958'><pre>java.lang.AssertionError: expected [OPERATION_SUCCESS] but found [null]
	at org.testng.Assert.fail(Assert.java:97)
	at org.testng.Assert.failNotEquals(Assert.java:969)
	at org.testng.Assert.assertEqualsImpl(Assert.java:131)
	at org.testng.Assert.assertEquals(Assert.java:118)
	at org.testng.Assert.assertEquals(Assert.java:575)
	at org.testng.Assert.assertEquals(Assert.java:585)
	at com.restassured.TC001_POST_Request.registrationSuccessfulAPI(TC001_POST_Request.java:49)
	at sun.reflect.NativeMethodAccessorImpl.invoke0(Native Method)
	at sun.reflect.NativeMethodAccessorImpl.invoke(NativeMethodAccessorImpl.java:62)
	at sun.reflect.DelegatingMethodAccessorImpl.invoke(DelegatingMethodAccessorImpl.java:43)
	at java.lang.reflect.Method.invoke(Method.java:498)
	at org.testng.internal.MethodInvocationHelper.invokeMethod(MethodInvocationHelper.java:134)
	at org.testng.internal.TestInvoker.invokeMethod(TestInvoker.java:597)
	at org.testng.internal.TestInvoker.invokeTestMethod(TestInvoker.java:173)
	at org.testng.internal.MethodRunner.runInSequence(MethodRunner.java:46)
	at org.testng.internal.TestInvoker$MethodInvocationAgent.invoke(TestInvoker.java:816)
	at org.testng.internal.TestInvoker.invokeTestMethods(TestInvoker.java:146)
	at org.testng.internal.TestMethodWorker.invokeTestMethods(TestMethodWorker.java:146)
	at org.testng.internal.TestMethodWorker.run(TestMethodWorker.java:128)
	at java.util.ArrayList.forEach(ArrayList.java:1257)
	at org.testng.TestRunner.privateRun(TestRunner.java:766)
	at org.testng.TestRunner.run(TestRunner.java:587)
	at org.testng.SuiteRunner.runTest(SuiteRunner.java:384)
	at org.testng.SuiteRunner.runSequentially(SuiteRunner.java:378)
	at org.testng.SuiteRunner.privateRun(SuiteRunner.java:337)
	at org.testng.SuiteRunner.run(SuiteRunner.java:286)
	at org.testng.SuiteRunnerWorker.runSuite(SuiteRunnerWorker.java:53)
	at org.testng.SuiteRunnerWorker.run(SuiteRunnerWorker.java:96)
	at org.testng.TestNG.runSuitesSequentially(TestNG.java:1187)
	at org.testng.TestNG.runSuitesLocally(TestNG.java:1109)
	at org.testng.TestNG.runSuites(TestNG.java:1039)
	at org.testng.TestNG.run(TestNG.java:1007)
	at org.testng.IDEARemoteTestNG.run(IDEARemoteTestNG.java:73)
	at org.testng.RemoteTestNGStarter.main(RemoteTestNGStarter.java:123)
</pre></div></td>
<td>2</td>
<td>com.restassured.TC001_POST_Request@31dc339b</td></tr>
</table><p>
<table width='100%' border='1' class='invocation-passed'>
<tr><td colspan='4' align='center'><b>PASSED TESTS</b></td></tr>
<tr><td><b>Test method</b></td>
<td width="30%"><b>Exception</b></td>
<td width="10%"><b>Time (seconds)</b></td>
<td><b>Instance</b></td>
</tr>
<tr>
<td title='datadriventesting.DataDriven_AddEmp.addNewEmp()'><b>addNewEmp</b><br>Test class: datadriventesting.DataDriven_AddEmp<br>Parameters: ABCD1, 1001, 15</td>
<td></td>
<td>1</td>
<td>datadriventesting.DataDriven_AddEmp@3327bd23</td></tr>
<tr>
<td title='datadriventesting.DataDriven_AddEmp.addNewEmp()'><b>addNewEmp</b><br>Test class: datadriventesting.DataDriven_AddEmp<br>Parameters: ABCD2, 1001, 15</td>
<td></td>
<td>0</td>
<td>datadriventesting.DataDriven_AddEmp@3327bd23</td></tr>
<tr>
<td title='datadriventesting.DataDriven_AddEmp.addNewEmp()'><b>addNewEmp</b><br>Test class: datadriventesting.DataDriven_AddEmp<br>Parameters: ABCD3, 1001, 15</td>
<td></td>
<td>0</td>
<td>datadriventesting.DataDriven_AddEmp@3327bd23</td></tr>
<tr>
<td title='datadriventesting.DataDriven_AddEmp.addNewEmp()'><b>addNewEmp</b><br>Test class: datadriventesting.DataDriven_AddEmp<br>Parameters: ABCD4, 1001, 15</td>
<td></td>
<td>0</td>
<td>datadriventesting.DataDriven_AddEmp@3327bd23</td></tr>
<tr>
<td title='com.restassured.TC006_GET_Request.getResponse()'><b>getResponse</b><br>Test class: com.restassured.TC006_GET_Request</td>
<td></td>
<td>0</td>
<td>com.restassured.TC006_GET_Request@21213b92</td></tr>
<tr>
<td title='com.restassured.TC004_GET_Request.getWeatherDetails()'><b>getWeatherDetails</b><br>Test class: com.restassured.TC004_GET_Request</td>
<td></td>
<td>0</td>
<td>com.restassured.TC004_GET_Request@31610302</td></tr>
<tr>
<td title='com.restassured.TC003_GET_Request.googleMapTest()'><b>googleMapTest</b><br>Test class: com.restassured.TC003_GET_Request</td>
<td></td>
<td>0</td>
<td>com.restassured.TC003_GET_Request@544fe44c</td></tr>
<tr>
<td title='com.restassured.TC007_GET_Request.userAuth()'><b>userAuth</b><br>Test class: com.restassured.TC007_GET_Request</td>
<td></td>
<td>0</td>
<td>com.restassured.TC007_GET_Request@a67c67e</td></tr>
<tr>
<td title='com.restassured.TC005_GET_Request.validateResponse()'><b>validateResponse</b><br>Test class: com.restassured.TC005_GET_Request</td>
<td></td>
<td>0</td>
<td>com.restassured.TC005_GET_Request@71318ec4</td></tr>
</table><p>
</body>
</html>