<?xml version="1.0" encoding="UTF-8"?>
<testng-results skipped="0" failed="1" ignored="0" total="10" passed="9">
  <reporter-output>
  </reporter-output>
  <suite name="All Test Suite" duration-ms="11085" started-at="2020-05-10T10:50:24 IST" finished-at="2020-05-10T10:50:35 IST">
    <groups>
    </groups>
    <test name="/Users/santoshsrinivas/Documents/restassured" duration-ms="11085" started-at="2020-05-10T10:50:24 IST" finished-at="2020-05-10T10:50:35 IST">
      <class name="datadriventesting.DataDriven_AddEmp">
        <test-method status="PASS" signature="addNewEmp(java.lang.String, java.lang.String, java.lang.String)[pri:0, instance:datadriventesting.DataDriven_AddEmp@3327bd23]" name="addNewEmp" duration-ms="1491" started-at="2020-05-10T10:50:31 IST" data-provider="empDataProvider" finished-at="2020-05-10T10:50:32 IST">
          <params>
            <param index="0">
              <value>
                <![CDATA[ABCD1]]>
              </value>
            </param>
            <param index="1">
              <value>
                <![CDATA[1001]]>
              </value>
            </param>
            <param index="2">
              <value>
                <![CDATA[15]]>
              </value>
            </param>
          </params>
          <reporter-output>
          </reporter-output>
        </test-method> <!-- addNewEmp -->
        <test-method status="PASS" signature="addNewEmp(java.lang.String, java.lang.String, java.lang.String)[pri:0, instance:datadriventesting.DataDriven_AddEmp@3327bd23]" name="addNewEmp" duration-ms="861" started-at="2020-05-10T10:50:32 IST" data-provider="empDataProvider" finished-at="2020-05-10T10:50:33 IST">
          <params>
            <param index="0">
              <value>
                <![CDATA[ABCD2]]>
              </value>
            </param>
            <param index="1">
              <value>
                <![CDATA[1001]]>
              </value>
            </param>
            <param index="2">
              <value>
                <![CDATA[15]]>
              </value>
            </param>
          </params>
          <reporter-output>
          </reporter-output>
        </test-method> <!-- addNewEmp -->
        <test-method status="PASS" signature="addNewEmp(java.lang.String, java.lang.String, java.lang.String)[pri:0, instance:datadriventesting.DataDriven_AddEmp@3327bd23]" name="addNewEmp" duration-ms="877" started-at="2020-05-10T10:50:33 IST" data-provider="empDataProvider" finished-at="2020-05-10T10:50:34 IST">
          <params>
            <param index="0">
              <value>
                <![CDATA[ABCD3]]>
              </value>
            </param>
            <param index="1">
              <value>
                <![CDATA[1001]]>
              </value>
            </param>
            <param index="2">
              <value>
                <![CDATA[15]]>
              </value>
            </param>
          </params>
          <reporter-output>
          </reporter-output>
        </test-method> <!-- addNewEmp -->
        <test-method status="PASS" signature="addNewEmp(java.lang.String, java.lang.String, java.lang.String)[pri:0, instance:datadriventesting.DataDriven_AddEmp@3327bd23]" name="addNewEmp" duration-ms="912" started-at="2020-05-10T10:50:34 IST" data-provider="empDataProvider" finished-at="2020-05-10T10:50:35 IST">
          <params>
            <param index="0">
              <value>
                <![CDATA[ABCD4]]>
              </value>
            </param>
            <param index="1">
              <value>
                <![CDATA[1001]]>
              </value>
            </param>
            <param index="2">
              <value>
                <![CDATA[15]]>
              </value>
            </param>
          </params>
          <reporter-output>
          </reporter-output>
        </test-method> <!-- addNewEmp -->
      </class> <!-- datadriventesting.DataDriven_AddEmp -->
      <class name="com.restassured.TC007_GET_Request">
        <test-method status="PASS" signature="userAuth()[pri:0, instance:com.restassured.TC007_GET_Request@a67c67e]" name="userAuth" duration-ms="653" started-at="2020-05-10T10:50:29 IST" finished-at="2020-05-10T10:50:30 IST">
          <reporter-output>
          </reporter-output>
        </test-method> <!-- userAuth -->
      </class> <!-- com.restassured.TC007_GET_Request -->
      <class name="com.restassured.TC001_POST_Request">
        <test-method status="FAIL" signature="registrationSuccessfulAPI()[pri:0, instance:com.restassured.TC001_POST_Request@31dc339b]" name="registrationSuccessfulAPI" duration-ms="2684" started-at="2020-05-10T10:50:24 IST" finished-at="2020-05-10T10:50:27 IST">
          <exception class="java.lang.AssertionError">
            <message>
              <![CDATA[expected [OPERATION_SUCCESS] but found [null]]]>
            </message>
            <full-stacktrace>
              <![CDATA[java.lang.AssertionError: expected [OPERATION_SUCCESS] but found [null]
at org.testng.Assert.fail(Assert.java:97)
at org.testng.Assert.failNotEquals(Assert.java:969)
at org.testng.Assert.assertEqualsImpl(Assert.java:131)
at org.testng.Assert.assertEquals(Assert.java:118)
at org.testng.Assert.assertEquals(Assert.java:575)
at org.testng.Assert.assertEquals(Assert.java:585)
at com.restassured.TC001_POST_Request.registrationSuccessfulAPI(TC001_POST_Request.java:49)
at sun.reflect.NativeMethodAccessorImpl.invoke0(Native Method)
at sun.reflect.NativeMethodAccessorImpl.invoke(NativeMethodAccessorImpl.java:62)
at sun.reflect.DelegatingMethodAccessorImpl.invoke(DelegatingMethodAccessorImpl.java:43)
at java.lang.reflect.Method.invoke(Method.java:498)
at org.testng.internal.MethodInvocationHelper.invokeMethod(MethodInvocationHelper.java:134)
at org.testng.internal.TestInvoker.invokeMethod(TestInvoker.java:597)
at org.testng.internal.TestInvoker.invokeTestMethod(TestInvoker.java:173)
at org.testng.internal.MethodRunner.runInSequence(MethodRunner.java:46)
at org.testng.internal.TestInvoker$MethodInvocationAgent.invoke(TestInvoker.java:816)
at org.testng.internal.TestInvoker.invokeTestMethods(TestInvoker.java:146)
at org.testng.internal.TestMethodWorker.invokeTestMethods(TestMethodWorker.java:146)
at org.testng.internal.TestMethodWorker.run(TestMethodWorker.java:128)
at java.util.ArrayList.forEach(ArrayList.java:1257)
at org.testng.TestRunner.privateRun(TestRunner.java:766)
at org.testng.TestRunner.run(TestRunner.java:587)
at org.testng.SuiteRunner.runTest(SuiteRunner.java:384)
at org.testng.SuiteRunner.runSequentially(SuiteRunner.java:378)
at org.testng.SuiteRunner.privateRun(SuiteRunner.java:337)
at org.testng.SuiteRunner.run(SuiteRunner.java:286)
at org.testng.SuiteRunnerWorker.runSuite(SuiteRunnerWorker.java:53)
at org.testng.SuiteRunnerWorker.run(SuiteRunnerWorker.java:96)
at org.testng.TestNG.runSuitesSequentially(TestNG.java:1187)
at org.testng.TestNG.runSuitesLocally(TestNG.java:1109)
at org.testng.TestNG.runSuites(TestNG.java:1039)
at org.testng.TestNG.run(TestNG.java:1007)
at org.testng.IDEARemoteTestNG.run(IDEARemoteTestNG.java:73)
at org.testng.RemoteTestNGStarter.main(RemoteTestNGStarter.java:123)
]]>
            </full-stacktrace>
          </exception> <!-- java.lang.AssertionError -->
          <reporter-output>
          </reporter-output>
        </test-method> <!-- registrationSuccessfulAPI -->
      </class> <!-- com.restassured.TC001_POST_Request -->
      <class name="com.restassured.TC003_GET_Request">
        <test-method status="PASS" signature="googleMapTest()[pri:0, instance:com.restassured.TC003_GET_Request@544fe44c]" name="googleMapTest" duration-ms="525" started-at="2020-05-10T10:50:27 IST" finished-at="2020-05-10T10:50:27 IST">
          <reporter-output>
          </reporter-output>
        </test-method> <!-- googleMapTest -->
      </class> <!-- com.restassured.TC003_GET_Request -->
      <class name="com.restassured.TC006_GET_Request">
        <test-method status="PASS" signature="getResponse()[pri:0, instance:com.restassured.TC006_GET_Request@21213b92]" name="getResponse" duration-ms="799" started-at="2020-05-10T10:50:28 IST" finished-at="2020-05-10T10:50:29 IST">
          <reporter-output>
          </reporter-output>
        </test-method> <!-- getResponse -->
      </class> <!-- com.restassured.TC006_GET_Request -->
      <class name="com.restassured.TC004_GET_Request">
        <test-method status="PASS" signature="getWeatherDetails()[pri:0, instance:com.restassured.TC004_GET_Request@31610302]" name="getWeatherDetails" duration-ms="449" started-at="2020-05-10T10:50:27 IST" finished-at="2020-05-10T10:50:28 IST">
          <reporter-output>
          </reporter-output>
        </test-method> <!-- getWeatherDetails -->
      </class> <!-- com.restassured.TC004_GET_Request -->
      <class name="com.restassured.TC005_GET_Request">
        <test-method status="PASS" signature="validateResponse()[pri:0, instance:com.restassured.TC005_GET_Request@71318ec4]" name="validateResponse" duration-ms="716" started-at="2020-05-10T10:50:28 IST" finished-at="2020-05-10T10:50:28 IST">
          <reporter-output>
          </reporter-output>
        </test-method> <!-- validateResponse -->
      </class> <!-- com.restassured.TC005_GET_Request -->
    </test> <!-- /Users/santoshsrinivas/Documents/restassured -->
  </suite> <!-- All Test Suite -->
</testng-results>
